Version: Helios_1_3_1(C_1), Date: Mon Nov 15 16:18:10 1993
-----------
	Helios Version 1.3.1
-----------

Version: Helios_C40_1_3_Official_Release(C_10), Date: Wed May 12 15:41:59 BST 1993
-----------
-----------

Version: Alenia_release(C_9), Date: Thu Dec 17 12:00:23 GMT 1992
-----------
-----------

Version: Helios1_3(C_8), Date: Mon Nov  2 11:42:05 GMT 1992
-----------
-----------

Version: C40_Field_Test_2(C_7), Date: Mon Oct 19 10:15:30 BST 1992
-----------
-----------

Version: C40_Field_Test_R1(C_6), Date: Wed Jul  1 18:12:46 BST 1992
-----------
-----------

Version: Helios13_beta(C_5), Date: Mon Jun 29 11:40:10 BST 1992
-----------
-----------

Version: Helios1_2_2(C_4), Date: Fri Nov 22 17:10:47 GMT 1991
-----------
-----------

Version: Helios1_2_2(C_3), Date: Wed Oct 23 14:58:55 BST 1991
-----------
-----------

Version: Helios1_2_2Beta(C_2), Date: Mon Aug 19 11:27:25 WET DST 1991
-----------
-----------

Version: Helios1_2_1(C_1), Date: Tue Apr  2 14:21:48 GMT 1991
-----------
-----------

