Version: Helios_1_3_1(C_4), Date: Mon Nov 15 16:29:25 1993
-----------
	Helios Version 1.3.1
-----------

Version: Helios_C40_1_3_Official_Release(C_10), Date: Wed May 12 16:02:38 BST 1993
-----------
-----------

Version: Helios-C40(C_3), Date: Wed May 12 15:19:34 BST 1993
-----------
	Helios-C40 1.3 Official Release
-----------

Version: Alenia_release(C_9), Date: Thu Dec 17 12:21:23 GMT 1992
-----------
-----------

Version: Alenia_release(C_2), Date: Thu Dec 17 11:49:21 GMT 1992
-----------
-----------

Version: Helios1_3(C_8), Date: Mon Nov  2 12:14:31 GMT 1992
-----------
-----------

Version: C40_Field_Test_2(C_1), Date: Mon Oct 19 11:16:19 BST 1992
-----------
-----------

Version: C40_Field_Test_2(C_7), Date: Mon Oct 19 10:30:37 BST 1992
-----------
-----------

Version: C40_Field_Test_R1(C_6), Date: Wed Jul  1 18:21:35 BST 1992
-----------
-----------

Version: Helios13_beta(C_5), Date: Mon Jun 29 12:02:32 BST 1992
-----------
-----------

Version: Helios1_2_2(C_4), Date: Fri Nov 22 17:29:10 GMT 1991
-----------
-----------

Version: Helios1_2_2(C_3), Date: Wed Oct 23 15:19:24 BST 1991
-----------
-----------

Version: Helios1_2_2Beta(C_2), Date: Mon Aug 19 11:47:00 WET DST 1991
-----------
-----------

Version: Helios1_2_1(C_1), Date: Tue Apr  2 14:43:59 GMT 1991
-----------
-----------

