Version: Helios1_3(C_7), Date: Mon Nov  2 12:12:08 GMT 1992
-----------
-----------

Version: C40_Field_Test_R1(C_6), Date: Wed Jul  1 18:20:09 BST 1992
-----------
-----------

Version: Helios1_2_2(C_5), Date: Fri Nov 22 17:27:49 GMT 1991
-----------
-----------

Version: Helios1_2_2(C_4), Date: Wed Oct 23 15:17:51 BST 1991
-----------
-----------

Version: Helios1_2_2Beta(C_3), Date: Mon Aug 19 11:45:28 WET DST 1991
-----------
-----------

Version: Helios1_2_1(C_2), Date: Wed Apr  3 10:49:04 GMT 1991
-----------
-----------

Version: Helios1_2_1(C_1), Date: Tue Apr  2 14:42:23 GMT 1991
-----------
-----------

