Version: Helios1_3(C_7), Date: Mon Nov  2 12:08:29 GMT 1992
-----------
-----------

Version: Helios13_beta(C_6), Date: Mon Jun 29 11:58:40 BST 1992
-----------
-----------

Version: Helios1_2_2(C_5), Date: Fri Nov 22 17:26:09 GMT 1991
-----------
-----------

Version: Helios1_2_2(C_4), Date: Wed Oct 23 15:15:57 BST 1991
-----------
-----------

Version: Helios1_2_2Beta(C_3), Date: Mon Aug 19 11:43:26 WET DST 1991
-----------
-----------

Version: Helios1_2_1(C_2), Date: Tue Apr  2 14:52:39 GMT 1991
-----------
-----------

Version: Helios1_2_1(C_1), Date: Tue Apr  2 14:39:20 GMT 1991
-----------
-----------

