Version: Helios_1_3_1(C_1), Date: Mon Nov 15 16:24:14 1993
-----------
	Helios Version 1.3.1
-----------

Version: Helios_C40_1_3_Official_Release(C_8), Date: Wed May 12 15:52:09 BST 1993
-----------
-----------

Version: Alenia_release(C_7), Date: Thu Dec 17 12:10:44 GMT 1992
-----------
-----------

Version: Helios1_3(C_6), Date: Mon Nov  2 11:55:53 GMT 1992
-----------
-----------

Version: C40_Field_Test_2(C_5), Date: Mon Oct 19 10:25:33 BST 1992
-----------
-----------

Version: Helios13_beta(C_4), Date: Mon Jun 29 11:50:45 BST 1992
-----------
-----------

Version: V1_00(C_3), Date: Fri Mar 13 12:58:12 GMT 1992
-----------
-----------

Version: Alpha_100(C_2), Date: Wed Jan 22 11:38:10 GMT 1992
-----------
-----------

Version: Alpha_1.00(C_1), Date: Wed Jan 22 11:37:37 GMT 1992
-----------
-----------

