Version: Helios1_3(C_7), Date: Mon Nov  2 11:59:43 GMT 1992
-----------
-----------

Version: Helios13_beta(C_6), Date: Mon Jun 29 11:53:44 BST 1992
-----------
-----------

Version: Helios1_2_2(C_5), Date: Fri Nov 22 17:21:48 GMT 1991
-----------
-----------

Version: Helios1_2_2(C_4), Date: Wed Oct 23 15:11:09 BST 1991
-----------
-----------

Version: Helios1_2_2Beta(C_3), Date: Mon Aug 19 11:39:03 WET DST 1991
-----------
-----------

Version: Helios1_2_1(C_2), Date: Tue Apr  2 14:34:28 GMT 1991
-----------
-----------

Version: V1_2Beta0(C_1), Date: Tue Sep 18 13:02:22 BST 1990
-----------
  Version 1.2 Beta 0
-----------

