Version: Helios_1_3_1(C_1), Date: Mon Nov 15 16:22:00 1993
-----------
	Helios Version 1.3.1
-----------

Version: Helios_C40_1_3_Official_Release(C_8), Date: Wed May 12 15:47:56 BST 1993
-----------
-----------

Version: Alenia_release(C_7), Date: Thu Dec 17 12:06:27 GMT 1992
-----------
-----------

Version: Helios1_3(C_6), Date: Mon Nov  2 11:48:54 GMT 1992
-----------
-----------

Version: Helios13_beta(C_5), Date: Mon Jun 29 11:45:06 BST 1992
-----------
-----------

Version: Helios1_2_2(C_4), Date: Fri Nov 22 17:14:38 GMT 1991
-----------
-----------

Version: Helios1_2_2(C_3), Date: Wed Oct 23 15:03:04 BST 1991
-----------
-----------

Version: Helios1_2_2Beta(C_2), Date: Mon Aug 19 11:31:30 WET DST 1991
-----------
-----------

Version: Helios1_2_1(C_1), Date: Tue Apr  2 14:26:28 GMT 1991
-----------
-----------

