Version: Helios_1_3_1(C_1), Date: Mon Nov 15 16:24:04 1993
-----------
	Helios Version 1.3.1
-----------

Version: Helios_C40_1_3_Official_Release(C_9), Date: Wed May 12 15:52:05 BST 1993
-----------
-----------

Version: Alenia_release(C_8), Date: Thu Dec 17 12:10:40 GMT 1992
-----------
-----------

Version: Helios1_3(C_7), Date: Mon Nov  2 11:55:49 GMT 1992
-----------
-----------

Version: C40_Field_Test_2(C_6), Date: Mon Oct 19 10:25:27 BST 1992
-----------
-----------

Version: Helios13_beta(C_5), Date: Mon Jun 29 11:50:41 BST 1992
-----------
-----------

Version: Helios1_2_2(C_4), Date: Fri Nov 22 17:20:12 GMT 1991
-----------
-----------

Version: Helios1_2_2(C_3), Date: Wed Oct 23 15:09:21 BST 1991
-----------
-----------

Version: Helios1_2_2Beta(C_2), Date: Mon Aug 19 11:37:25 WET DST 1991
-----------
-----------

Version: Helios1_2_1(C_1), Date: Tue Apr  2 14:32:44 GMT 1991
-----------
-----------

