Version: Helios_1_3_1(C_1), Date: Mon Nov 15 16:15:15 1993
-----------
	Helios Version 1.3.1
-----------

Version: Helios_C40_1_3_Official_Release(C_10), Date: Wed May 12 15:36:19 BST 1993
-----------
-----------

Version: Alenia_release(C_9), Date: Thu Dec 17 11:54:45 GMT 1992
-----------
-----------

Version: Helios1_3(C_8), Date: Mon Nov  2 11:35:10 GMT 1992
-----------
-----------

Version: C40_Field_Test_2(C_7), Date: Mon Oct 19 10:09:32 BST 1992
-----------
-----------

Version: C40_Field_Test_R1(C_6), Date: Wed Jul  1 18:07:24 BST 1992
-----------
-----------

Version: Helios13_beta(C_5), Date: Mon Jun 29 11:34:35 BST 1992
-----------
-----------

Version: Helios1_2_2(C_4), Date: Fri Nov 22 17:06:18 GMT 1991
-----------
-----------

Version: Helios1_2_2(C_3), Date: Wed Oct 23 14:54:40 BST 1991
-----------
-----------

Version: Helios1_2_2Beta(C_2), Date: Mon Aug 19 11:23:09 WET DST 1991
-----------
-----------

Version: Helios1_2_1(C_1), Date: Tue Apr  2 14:17:06 GMT 1991
-----------
-----------

