Version: Helios_1_3_1(C_5), Date: Mon Nov 15 16:28:53 1993
-----------
	Helios Version 1.3.1
-----------

Version: Helios_C40_1_3_Official_Release(C_13), Date: Wed May 12 16:01:23 BST 1993
-----------
-----------

Version: Helios_C40_1.3_Official_Release(C_4), Date: Wed May 12 15:25:54 BST 1993
-----------
-----------

Version: Helios-C40(C_3), Date: Wed May 12 15:18:51 BST 1993
-----------
	Helios-C40 1.3 Official Release
-----------

Version: Alenia_release(C_12), Date: Thu Dec 17 12:20:12 GMT 1992
-----------
-----------

Version: Alenia_release(C_2), Date: Thu Dec 17 11:48:30 GMT 1992
-----------
-----------

Version: Helios1_3(C_11), Date: Mon Nov  2 12:12:55 GMT 1992
-----------
-----------

Version: C40_Field_Test_2(C_1), Date: Mon Oct 19 11:15:40 BST 1992
-----------
-----------

Version: C40_Field_Test_2(C_10), Date: Mon Oct 19 10:29:15 BST 1992
-----------
-----------

Version: C40_Field_Test_R1(C_9), Date: Wed Jul  1 18:20:24 BST 1992
-----------
-----------

Version: Helios13_beta(C_8), Date: Mon Jun 29 12:01:22 BST 1992
-----------
-----------

Version: Helios1_2_2(C_7), Date: Thu Nov 28 15:00:20 GMT 1991
-----------
-----------

Version: Helios1_2_2(C_6), Date: Fri Nov 22 17:27:59 GMT 1991
-----------
-----------

Version: Helios1_2_2(C_5), Date: Wed Oct 23 15:18:02 BST 1991
-----------
-----------

Version: Helios1_2_2Beta(C_4), Date: Mon Aug 19 11:45:38 WET DST 1991
-----------
-----------

Version: Helios1_2_1(C_3), Date: Tue Apr  2 14:42:34 GMT 1991
-----------
-----------

Version: Helios1_2(C_2), Date: Tue Dec  4 13:01:50 GMT 1990
-----------
  Helios 1.2 include file
-----------

Version: V1_2Beta0(C_1), Date: Tue Sep 18 14:47:06 BST 1990
-----------
  Version 1.2 Beta 0
-----------

