Version: Helios1_3(C_8), Date: Mon Nov  2 11:49:52 GMT 1992
-----------
-----------

Version: Helios13_beta(C_7), Date: Mon Jun 29 11:45:53 BST 1992
-----------
-----------

Version: Helios1_2_2(C_6), Date: Fri Nov 22 17:15:27 GMT 1991
-----------
-----------

Version: Helios1_2_2(C_5), Date: Wed Oct 23 15:04:01 BST 1991
-----------
-----------

Version: Helios1_2_2Beta(C_4), Date: Mon Aug 19 11:32:23 WET DST 1991
-----------
-----------

Version: Helios1_2_1(C_3), Date: Tue Apr  2 16:30:36 GMT 1991
-----------
-----------

Version: Helio1_2_1(C_2), Date: Tue Apr  2 16:30:29 GMT 1991
-----------
-----------

Version: Helios1_2_1(C_1), Date: Tue Apr  2 14:27:20 GMT 1991
-----------
-----------

