Version: Helios1_3(C_10), Date: Mon Nov  2 11:28:59 GMT 1992
-----------
-----------

Version: Helios13_beta(C_9), Date: Mon Jun 29 11:29:41 BST 1992
-----------
-----------

Version: Helios1_2_2_Fault(C_8), Date: Wed Jan 15 13:00:05 GMT 1992
-----------
-----------

Version: Helios1_2_2_Native(C_7), Date: Wed Jan 15 12:11:54 GMT 1992
-----------
-----------

Version: Helios1_2_2_native_beta(C_6), Date: Tue Jan 14 14:51:17 GMT 1992
-----------
-----------

Version: Helios1_2_2(C_5), Date: Fri Nov 22 17:02:22 GMT 1991
-----------
-----------

Version: Helios1_2_2(C_4), Date: Wed Oct 23 14:50:43 BST 1991
-----------
-----------

Version: Helios1_2_2Beta(C_3), Date: Mon Aug 19 11:18:58 WET DST 1991
-----------
-----------

Version: Helios1_2_1(C_2), Date: Tue Apr  2 14:13:18 GMT 1991
-----------
-----------

Version: Helios1_2_1(C_1), Date: Tue Apr  2 14:07:27 GMT 1991
-----------
-----------

