Version: Helios_1_3_1(C_1), Date: Mon Nov 15 16:18:26 1993
-----------
	Helios Version 1.3.1
-----------

Version: Helios_C40_1_3_Official_Release(C_10), Date: Wed May 12 15:42:31 BST 1993
-----------
-----------

Version: Alenia_release(C_9), Date: Thu Dec 17 12:00:54 GMT 1992
-----------
-----------

Version: Helios1_3(C_8), Date: Mon Nov  2 11:42:44 GMT 1992
-----------
-----------

Version: C40_Field_Test_2(C_7), Date: Mon Oct 19 10:16:04 BST 1992
-----------
-----------

Version: Helios13_beta(C_6), Date: Mon Jun 29 11:40:47 BST 1992
-----------
-----------

Version: Helios1_2_2(C_5), Date: Fri Nov 22 17:11:00 GMT 1991
-----------
-----------

Version: Helios1_2_2(C_4), Date: Wed Oct 23 14:59:08 BST 1991
-----------
-----------

Version: Helios1_2_2Beta(C_3), Date: Mon Aug 19 11:27:37 WET DST 1991
-----------
-----------

Version: Helios1_2_1(C_2), Date: Tue Apr  2 14:22:16 GMT 1991
-----------
-----------

Version: Helios1_2(C_1), Date: Tue Dec  4 13:41:57 GMT 1990
-----------
  Helios 1.2 cdl
-----------

