Version: Helios_1_3_1(C_1), Date: Mon Nov 15 16:16:12 1993
-----------
	Helios Version 1.3.1
-----------

Version: Helios_C40_1_3_Official_Release(C_8), Date: Wed May 12 15:37:55 BST 1993
-----------
-----------

Version: Alenia_release(C_7), Date: Thu Dec 17 11:56:14 GMT 1992
-----------
-----------

Version: Helios1_3(C_6), Date: Mon Nov  2 11:36:56 GMT 1992
-----------
-----------

Version: C40_Field_Test_2(C_5), Date: Mon Oct 19 10:11:02 BST 1992
-----------
-----------

Version: C40_Field_Test_R1(C_4), Date: Wed Jul  1 18:08:45 BST 1992
-----------
-----------

Version: Helios13_beta(C_3), Date: Mon Jun 29 11:36:01 BST 1992
-----------
-----------

Version: Helios1_2_2(C_2), Date: Fri Nov 29 14:32:33 GMT 1991
-----------
-----------

Version: Helios1_2_2(C_1), Date: Fri Nov 22 17:07:43 GMT 1991
-----------
-----------

