Version: Helios_1_3_1(C_1), Date: Mon Nov 15 16:14:37 1993
-----------
	Helios Version 1.3.1
-----------

Version: Helios_C40_1_3_Official_Release(C_12), Date: Wed May 12 15:33:19 BST 1993
-----------
-----------

Version: Alenia_release(C_11), Date: Thu Dec 17 11:51:48 GMT 1992
-----------
-----------

Version: Helios1_3(C_10), Date: Mon Nov  2 11:31:35 GMT 1992
-----------
-----------

Version: C40_Field_Test_2(C_9), Date: Mon Oct 19 10:06:30 BST 1992
-----------
-----------

Version: C40_Field_Test_R1(C_8), Date: Wed Jul  1 18:05:04 BST 1992
-----------
-----------

Version: Helios13_beta(C_7), Date: Mon Jun 29 11:31:45 BST 1992
-----------
-----------

Version: Helios1_2_2(C_6), Date: Fri Nov 22 17:04:13 GMT 1991
-----------
-----------

Version: Helios1_2_2(C_5), Date: Wed Oct 23 14:52:36 BST 1991
-----------
-----------

Version: Helios1_2_2Beta(C_4), Date: Mon Aug 19 11:20:53 WET DST 1991
-----------
-----------

Version: Helios1_2_1(C_3), Date: Tue Apr  2 14:14:56 GMT 1991
-----------
-----------

Version: Helios1_2(C_2), Date: Tue Dec  4 13:31:54 GMT 1990
-----------
  Helios 1.2 compiler (cc 2.01)
-----------

Version: V1_2Beta0(C_1), Date: Tue Sep 18 13:32:44 BST 1990
-----------
  Version 1.2 Beta 0
-----------

