Version: Helios_1_3_1(C_1), Date: Mon Nov 15 16:15:39 1993
-----------
	Helios Version 1.3.1
-----------

Version: Helios_C40_1_3_Official_Release(C_10), Date: Wed May 12 15:37:12 BST 1993
-----------
-----------

Version: Alenia_release(C_9), Date: Thu Dec 17 11:55:29 GMT 1992
-----------
-----------

Version: Helios1_3(C_8), Date: Mon Nov  2 11:36:02 GMT 1992
-----------
-----------

Version: C40_Field_Test_2(C_7), Date: Mon Oct 19 10:10:15 BST 1992
-----------
-----------

Version: C40_Field_Test_R1(C_6), Date: Wed Jul  1 18:08:00 BST 1992
-----------
-----------

Version: Helios13_beta(C_5), Date: Mon Jun 29 11:35:12 BST 1992
-----------
-----------

Version: Helios1_2_2(C_4), Date: Fri Nov 22 17:06:55 GMT 1991
-----------
-----------

Version: Helios1_2_2(C_3), Date: Wed Oct 23 14:55:21 BST 1991
-----------
-----------

Version: Helios1_2_2Beta(C_2), Date: Mon Aug 19 11:23:50 WET DST 1991
-----------
-----------

Version: Helios1_2_1(C_1), Date: Tue Apr  2 14:17:48 GMT 1991
-----------
-----------

