Version: Helios_1_3_1(C_1), Date: Mon Nov 15 16:21:33 1993
-----------
	Helios Version 1.3.1
-----------

Version: Helios_C40_1_3_Official_Release(C_10), Date: Wed May 12 15:46:56 BST 1993
-----------
-----------

Version: Alenia_release(C_9), Date: Thu Dec 17 12:05:26 GMT 1992
-----------
-----------

Version: Helios1_3(C_8), Date: Mon Nov  2 11:47:45 GMT 1992
-----------
-----------

Version: C40_Field_Test_2(C_7), Date: Mon Oct 19 10:20:41 BST 1992
-----------
-----------

Version: C40_Field_Test_R1(C_6), Date: Wed Jul  1 18:14:45 BST 1992
-----------
-----------

Version: Helios13_beta(C_5), Date: Mon Jun 29 11:44:09 BST 1992
-----------
-----------

Version: Helios1_2_2(C_4), Date: Fri Nov 22 17:13:53 GMT 1991
-----------
-----------

Version: Helios1_2_2(C_3), Date: Wed Oct 23 15:02:13 BST 1991
-----------
-----------

Version: Helios1_2_2Beta(C_2), Date: Mon Aug 19 11:30:42 WET DST 1991
-----------
-----------

Version: Helios1_2_1(C_1), Date: Tue Apr  2 14:51:24 GMT 1991
-----------
-----------

