Version: Helios_1_3_1(C_1), Date: Mon Nov 15 16:17:43 1993
-----------
	Helios Version 1.3.1
-----------

Version: Helios_C40_1_3_Official_Release(C_6), Date: Wed May 12 15:40:55 BST 1993
-----------
-----------

Version: Alenia_release(C_5), Date: Thu Dec 17 11:59:20 GMT 1992
-----------
-----------

Version: Helios1_3(C_4), Date: Mon Nov  2 11:40:51 GMT 1992
-----------
-----------

Version: C40_Field_Test_2(C_3), Date: Mon Oct 19 10:14:24 BST 1992
-----------
-----------

Version: C40_Field_Test_R1(C_2), Date: Wed Jul  1 18:11:45 BST 1992
-----------
-----------

Version: Helios13_beta(C_1), Date: Mon Jun 29 11:39:07 BST 1992
-----------
-----------

