Version: Helios_1_3_1(C_1), Date: Mon Nov 15 16:18:34 1993
-----------
	Helios Version 1.3.1
-----------

Version: Helios_C40_1_3_Official_Release(C_9), Date: Wed May 12 15:42:48 BST 1993
-----------
-----------

Version: Alenia_release(C_8), Date: Thu Dec 17 12:01:11 GMT 1992
-----------
-----------

Version: Helios1_3(C_7), Date: Mon Nov  2 11:43:04 GMT 1992
-----------
-----------

Version: C40_Field_Test_2(C_6), Date: Mon Oct 19 10:16:22 BST 1992
-----------
-----------

Version: Helios13_beta(C_5), Date: Mon Jun 29 11:41:26 BST 1992
-----------
-----------

Version: Helios1_2_2(C_4), Date: Fri Nov 22 17:11:41 GMT 1991
-----------
-----------

Version: Helios1_2_2(C_3), Date: Wed Oct 23 14:59:51 BST 1991
-----------
-----------

Version: Helios1_2_2Beta(C_2), Date: Mon Aug 19 11:28:23 WET DST 1991
-----------
-----------

Version: Helios1_2_1(C_1), Date: Tue Apr  2 14:23:04 GMT 1991
-----------
-----------

