Version: Helios1_3(C_9), Date: Mon Nov  2 12:00:19 GMT 1992
-----------
-----------

Version: Helios13_beta(C_8), Date: Mon Jun 29 11:54:04 BST 1992
-----------
-----------

Version: Helios1_2_2_Fault(C_7), Date: Wed Jan 15 12:58:08 GMT 1992
-----------
-----------

Version: Helios1_2_2_Native(C_6), Date: Wed Jan 15 12:11:20 GMT 1992
-----------
-----------

Version: Helios1_2_2_native_beta(C_5), Date: Tue Jan 14 14:50:57 GMT 1992
-----------
-----------

Version: Helios1_2_2(C_4), Date: Fri Nov 22 17:22:09 GMT 1991
-----------
-----------

Version: Helios1_2_2(C_3), Date: Wed Oct 23 15:11:33 BST 1991
-----------
-----------

Version: Helios1_2_2Beta(C_2), Date: Mon Aug 19 11:39:24 WET DST 1991
-----------
-----------

Version: Helios1_2_1(C_1), Date: Tue Apr  2 14:34:51 GMT 1991
-----------
-----------

