Version: Helios_1_3_1(C_4), Date: Mon Nov 15 16:28:01 1993
-----------
	Helios Version 1.3.1
-----------

Version: Helios_C40_1_3_Official_Release(C_2), Date: Wed May 12 15:59:01 BST 1993
-----------
-----------

Version: Helios_C40_1.3_Official_Release(C_3), Date: Wed May 12 15:25:11 BST 1993
-----------
-----------

Version: Helios-C40(C_2), Date: Wed May 12 15:12:08 BST 1993
-----------
	Helios-C40 1.3 Official Release
-----------

Version: Alenia_release(C_1), Date: Thu Dec 17 12:18:04 GMT 1992
-----------
-----------

Version: Alenia_release(C_1), Date: Thu Dec 17 11:47:18 GMT 1992
-----------
-----------

