Version: Helios_1_3_1(C_4), Date: Mon Nov 15 16:29:19 1993
-----------
	Helios Version 1.3.1
-----------

Version: Helios_C40_1_3_Official_Release(C_12), Date: Wed May 12 16:02:21 BST 1993
-----------
-----------

Version: Helios-C40(C_3), Date: Wed May 12 15:19:24 BST 1993
-----------
	Helios-C40 1.3 Official Release
-----------

Version: Alenia_release(C_11), Date: Thu Dec 17 12:21:07 GMT 1992
-----------
-----------

Version: Alenia_release(C_2), Date: Thu Dec 17 11:49:09 GMT 1992
-----------
-----------

Version: Helios1_3(C_10), Date: Mon Nov  2 12:14:09 GMT 1992
-----------
-----------

Version: C40_Field_Test_2(C_1), Date: Mon Oct 19 11:16:10 BST 1992
-----------
-----------

Version: C40_Field_Test_2(C_9), Date: Mon Oct 19 10:30:19 BST 1992
-----------
-----------

Version: C40_Field_Test_R1(C_8), Date: Wed Jul  1 18:21:18 BST 1992
-----------
-----------

Version: Helios13_beta(C_7), Date: Mon Jun 29 12:02:14 BST 1992
-----------
-----------

Version: Helios1_2_2(C_6), Date: Fri Nov 22 17:28:52 GMT 1991
-----------
-----------

Version: Helios1_2_2(C_5), Date: Wed Oct 23 15:19:04 BST 1991
-----------
-----------

Version: Helios1_2_2Beta(C_4), Date: Mon Aug 19 11:46:42 WET DST 1991
-----------
-----------

Version: Helios1_2_1(C_3), Date: Tue Apr  2 14:43:38 GMT 1991
-----------
-----------

Version: Helios1_2(C_2), Date: Tue Dec  4 13:02:45 GMT 1990
-----------
  Helios 1.2 sys/include file
-----------

Version: V1_2Beta0(C_1), Date: Tue Sep 18 14:52:05 BST 1990
-----------
  Version 1.2 Beta 0
-----------

