This is TeX, C Version 2.93 (preloaded format=lplain 90.1.30)  31 JAN 1990 18:59
**&lplain tar5
(tar5.tex
LaTeX Version 2.09 <25 Jan 1988>
(/usr/perihelion/lib/TeX/inputs/article.sty
Document Style `article' <5 Feb 88>.
(/usr/perihelion/lib/TeX/inputs/art10.sty)
\c@part=\count78
\c@section=\count79
\c@subsection=\count80
\c@subsubsection=\count81
\c@paragraph=\count82
\c@subparagraph=\count83
\c@figure=\count84
\c@table=\count85
)
(/usr/perihelion/lib/TeX/inputs/troffman.sty
\singlespacing=\dimen99
\parmargin=\skip41
) (tar5.aux)
[NAME]
[DESCRIPTION]
[1

] [2]
[SEE ALSO]
[BUGS]
[NOTES]
[3] (tar5.aux) 
Here is how much of TeX's memory you used:
 167 strings out of 1512
 1573 string characters out of 9002
 35354 words of memory out of 65531
 2104 multiletter control sequences out of 3000
 18996 words of font info for 72 fonts, out of 36000 for 120
 14 hyphenation exceptions out of 307
 12i,6n,15p,157b,169s stack positions out of 200i,40n,60p,500b,2000s

Output written on tar5.dvi (3 pages, 12500 bytes).
