Version: Helios_1_3_1(C_1), Date: Mon Nov 15 16:22:24 1993
-----------
	Helios Version 1.3.1
-----------

Version: Helios_C40_1_3_Official_Release(C_9), Date: Wed May 12 15:48:44 BST 1993
-----------
-----------

Version: Alenia_release(C_8), Date: Thu Dec 17 12:07:15 GMT 1992
-----------
-----------

Version: Helios1_3(C_7), Date: Mon Nov  2 11:51:43 GMT 1992
-----------
-----------

Version: C40_Field_Test_2(C_6), Date: Mon Oct 19 10:21:46 BST 1992
-----------
-----------

Version: Helios13_beta(C_5), Date: Mon Jun 29 11:47:23 BST 1992
-----------
-----------

Version: Helios1_2_2(C_4), Date: Fri Nov 22 17:17:02 GMT 1991
-----------
-----------

Version: Helios1_2_2(C_3), Date: Wed Oct 23 15:05:53 BST 1991
-----------
-----------

Version: Helios1_2_2Beta(C_2), Date: Mon Aug 19 11:34:02 WET DST 1991
-----------
-----------

Version: Helios1_2_1(C_1), Date: Tue Apr  2 14:29:13 GMT 1991
-----------
-----------

