Version: Helios1_3(C_8), Date: Mon Nov  2 12:49:07 GMT 1992
-----------
-----------

Version: Helios1_3(C_7), Date: Mon Nov  2 12:10:43 GMT 1992
-----------
-----------

Version: Helios13_beta(C_6), Date: Mon Jun 29 11:59:41 BST 1992
-----------
-----------

Version: Helios1_2_2(C_5), Date: Tue Nov 26 15:44:44 GMT 1991
-----------
-----------

Version: Helios1_2_2(C_4), Date: Fri Nov 22 17:26:47 GMT 1991
-----------
-----------

Version: Helios1_2_2(C_3), Date: Wed Oct 23 15:16:39 BST 1991
-----------
-----------

Version: Helios1_2_2Beta(C_2), Date: Mon Aug 19 11:44:09 WET DST 1991
-----------
-----------

Version: Helios1_2_1(C_1), Date: Tue Apr  2 14:40:02 GMT 1991
-----------
-----------

