Version: Helios_1_3_1(C_1), Date: Mon Nov 15 16:16:41 1993
-----------
	Helios Version 1.3.1
-----------

Version: Helios_C40_1_3_Official_Release(C_11), Date: Wed May 12 15:38:28 BST 1993
-----------
-----------

Version: Alenia_release(C_10), Date: Thu Dec 17 11:56:52 GMT 1992
-----------
-----------

Version: Helios1_3(C_9), Date: Mon Nov  2 11:37:49 GMT 1992
-----------
-----------

Version: C40_Field_Test_2(C_8), Date: Mon Oct 19 10:11:39 BST 1992
-----------
-----------

Version: C40_Field_Test_R1(C_7), Date: Wed Jul  1 18:09:18 BST 1992
-----------
-----------

Version: Helios13_beta(C_6), Date: Mon Jun 29 11:36:38 BST 1992
-----------
-----------

Version: Helios1_2_2(C_5), Date: Fri Nov 22 17:08:08 GMT 1991
-----------
-----------

Version: Helios1_2_2(C_4), Date: Wed Oct 23 14:56:16 BST 1991
-----------
-----------

Version: Helios1_2_2Beta(C_3), Date: Mon Aug 19 11:24:49 WET DST 1991
-----------
-----------

Version: Helios1_2_1(C_2), Date: Tue Apr  2 14:18:53 GMT 1991
-----------
-----------

Version: Helios1_2(C_1), Date: Tue Dec  4 12:56:43 GMT 1990
-----------
  Helios 1.2 shell
-----------

