Version: Helios_1_3_1(C_1), Date: Mon Nov 15 16:14:09 1993
-----------
	Helios Version 1.3.1
-----------

Version: Helios_C40_1_3_Official_Release(C_13), Date: Wed May 12 15:32:39 BST 1993
-----------
-----------

Version: Alenia_release(C_12), Date: Thu Dec 17 11:51:07 GMT 1992
-----------
-----------

Version: Helios1_3(C_11), Date: Tue Nov  3 15:27:16 GMT 1992
-----------
-----------

Version: Helios1_3(C_10), Date: Mon Nov  2 11:30:42 GMT 1992
-----------
-----------

Version: C40_Field_Test_2(C_9), Date: Mon Oct 19 10:05:47 BST 1992
-----------
-----------

Version: C40_Field_Test_R1(C_8), Date: Wed Jul  1 18:04:22 BST 1992
-----------
-----------

Version: Helios13_beta(C_7), Date: Mon Jun 29 11:30:59 BST 1992
-----------
-----------

Version: Helios1_2_2(C_6), Date: Fri Nov 22 17:03:30 GMT 1991
-----------
-----------

Version: Helios1_2_2(C_5), Date: Wed Oct 23 14:51:54 BST 1991
-----------
-----------

Version: Helios1_2_2Beta(C_4), Date: Mon Aug 19 11:20:07 WET DST 1991
-----------
-----------

Version: Helios1_2_1(C_3), Date: Tue Apr  2 14:14:15 GMT 1991
-----------
-----------

Version: Helios1_2(C_2), Date: Tue Dec  4 13:20:40 GMT 1990
-----------
  Helios 1.2 syslib
-----------

Version: V1_2Beta0(C_1), Date: Tue Sep 18 12:40:11 BST 1990
-----------
  Version 1.2 Beta 0
-----------

