Version: Helios_1_3_1(C_1), Date: Mon Nov 15 16:23:18 1993
-----------
	Helios Version 1.3.1
-----------

Version: Helios_C40_1_3_Official_Release(C_6), Date: Wed May 12 15:50:32 BST 1993
-----------
-----------

Version: Alenia_release(C_5), Date: Thu Dec 17 12:09:04 GMT 1992
-----------
-----------

Version: Helios1_3(C_4), Date: Mon Nov  2 11:53:49 GMT 1992
-----------
-----------

Version: C40_Field_Test_2(C_3), Date: Mon Oct 19 10:23:44 BST 1992
-----------
-----------

Version: Helios13_beta(C_2), Date: Mon Jun 29 11:49:05 BST 1992
-----------
-----------

Version: Alpha_100(C_1), Date: Wed Jan 22 11:39:29 GMT 1992
-----------
-----------

