Version: Helios_1_3_1(C_1), Date: Mon Nov 15 16:17:16 1993
-----------
	Helios Version 1.3.1
-----------

Version: Helios_C40_1_3_Official_Release(C_6), Date: Wed May 12 15:39:51 BST 1993
-----------
-----------

Version: Alenia_release(C_5), Date: Thu Dec 17 11:58:17 GMT 1992
-----------
-----------

Version: Helios1_3(C_4), Date: Mon Nov  2 11:39:34 GMT 1992
-----------
-----------

Version: C40_Field_Test_2(C_3), Date: Mon Oct 19 10:13:15 BST 1992
-----------
-----------

Version: C40_Field_Test_R1(C_2), Date: Wed Jul  1 18:10:40 BST 1992
-----------
-----------

Version: Helios13_beta(C_1), Date: Mon Jun 29 11:38:03 BST 1992
-----------
-----------

