Version: Helios_1_3_1(C_1), Date: Mon Nov 15 16:19:32 1993
-----------
	rcsfreeze: 1.7 sym.c,v
	rcsfreeze: 1.6 vm.c,v
	rcsfreeze: 1.2 vm.h,v
	rcsfreeze cmds/assembler @ Helios_1_3_1
	rcsfreeze: symbolic revision number computed: "C_1"
	rcsfreeze: symbolic revision number used:     "Helios_1_3_1"
	rcsfreeze: the two differ only when rcsfreeze invoked with argument
	rcsfreeze: give log message, summarizing changes (end with EOF or single '.')
	Helios Version 1.3.1
-----------

Version: Helios_C40_1_3_Official_Release(C_10), Date: Wed May 12 15:46:17 BST 1993
-----------
-----------

Version: Alenia_release(C_9), Date: Thu Dec 17 12:04:46 GMT 1992
-----------
-----------

Version: Helios1_3(C_8), Date: Mon Nov  2 11:46:56 GMT 1992
-----------
-----------

Version: C40_Field_Test_2(C_7), Date: Mon Oct 19 10:19:52 BST 1992
-----------
-----------

Version: C40_Field_Test_R1(C_6), Date: Wed Jul  1 18:14:01 BST 1992
-----------
-----------

Version: Helios13_beta(C_5), Date: Mon Jun 29 11:43:31 BST 1992
-----------
-----------

Version: Helios1_2_2(C_4), Date: Fri Nov 22 17:13:12 GMT 1991
-----------
-----------

Version: Helios1_2_2(C_3), Date: Wed Oct 23 15:01:27 BST 1991
-----------
-----------

Version: Helios1_2_2Beta(C_2), Date: Mon Aug 19 11:29:58 WET DST 1991
-----------
-----------

Version: Helios1_2_1(C_1), Date: Tue Apr  2 14:50:35 GMT 1991
-----------
-----------

