Version: Helios_1_3_1(C_5), Date: Mon Nov 15 16:28:06 1993
-----------
	Helios Version 1.3.1
-----------

Version: Helios_C40_1_3_Official_Release(C_10), Date: Wed May 12 15:59:41 BST 1993
-----------
-----------

Version: Helios_C40_1.3_Official_Release(C_4), Date: Wed May 12 15:25:25 BST 1993
-----------
-----------

Version: Helios-C40(C_3), Date: Wed May 12 15:16:10 BST 1993
-----------
	Helios-C40 1.3 Official Release
-----------

Version: Alenia_release(C_9), Date: Thu Dec 17 12:18:46 GMT 1992
-----------
-----------

Version: Alenia_release(C_2), Date: Thu Dec 17 11:47:38 GMT 1992
-----------
-----------

Version: Helios1_3(C_8), Date: Mon Nov  2 12:11:00 GMT 1992
-----------
-----------

Version: C40_Field_Test_2(C_1), Date: Mon Oct 19 11:14:49 BST 1992
-----------
-----------

Version: C40_Field_Test_2(C_7), Date: Mon Oct 19 10:28:05 BST 1992
-----------
-----------

Version: C40_Field_Test_R1(C_6), Date: Wed Jul  1 18:19:17 BST 1992
-----------
-----------

Version: Helios13_beta(C_5), Date: Mon Jun 29 11:59:50 BST 1992
-----------
-----------

Version: Helios1_2_2(C_4), Date: Fri Nov 22 17:26:57 GMT 1991
-----------
-----------

Version: Helios1_2_2(C_3), Date: Wed Oct 23 15:16:51 BST 1991
-----------
-----------

Version: Helios1_2_2Beta(C_2), Date: Mon Aug 19 11:44:24 WET DST 1991
-----------
-----------

Version: Helios1_2_1(C_1), Date: Tue Apr  2 14:41:28 GMT 1991
-----------
-----------

