Version: Helios_1_3_1(C_1), Date: Mon Nov 15 16:12:06 1993
-----------
	Helios Version 1.3.1
-----------

Version: Helios_C40_1_3_Official_Release(C_16), Date: Wed May 12 15:31:15 BST 1993
-----------
-----------

Version: Alenia_release(C_15), Date: Thu Dec 17 11:49:20 GMT 1992
-----------
-----------

Version: Helios1_3(C_14), Date: Tue Nov  3 14:44:32 GMT 1992
-----------
-----------

Version: Helios1_3(C_13), Date: Mon Nov  2 15:10:16 GMT 1992
-----------
-----------

Version: Helios1_3(C_12), Date: Mon Nov  2 14:59:00 GMT 1992
-----------
-----------

Version: Helios1_3(C_11), Date: Mon Nov  2 11:29:06 GMT 1992
-----------
-----------

Version: C40_Field_Test_2(C_10), Date: Mon Oct 19 10:04:27 BST 1992
-----------
-----------

Version: C40_Field_Test_R1(C_9), Date: Wed Jul  1 18:03:07 BST 1992
-----------
-----------

Version: Helios13_beta(C_8), Date: Mon Jun 29 11:29:47 BST 1992
-----------
-----------

Version: Helios1_2_2(C_7), Date: Wed Nov 27 15:37:18 GMT 1991
-----------
-----------

Version: Helios1_2_2(C_6), Date: Tue Nov 26 18:28:31 GMT 1991
-----------
-----------

Version: Helios1_2_2(C_5), Date: Fri Nov 22 17:02:26 GMT 1991
-----------
-----------

Version: Helios1_2_2(C_4), Date: Wed Oct 23 14:50:46 BST 1991
-----------
-----------

Version: Helios1_2_2Beta(C_3), Date: Mon Aug 19 11:19:02 WET DST 1991
-----------
-----------

Version: Helios1_2_1(C_2), Date: Tue Apr  2 14:13:21 GMT 1991
-----------
-----------

Version: Helios1_2(C_1), Date: Tue Dec  4 13:16:52 GMT 1990
-----------
  Helios 1.2 general text 
-----------

