Version: Helios_C40_1_3_Official_Release(C_18), Date: Wed May 12 16:01:18 BST 1993
-----------
-----------

Version: Helios_C40_1.3_Official_Release(C_4), Date: Wed May 12 15:25:53 BST 1993
-----------
-----------

Version: Helios-C40(C_3), Date: Wed May 12 15:18:38 BST 1993
-----------
	Helios-C40 1.3 Official Release
-----------

Version: Alenia_release(C_17), Date: Thu Dec 17 12:20:07 GMT 1992
-----------
-----------

Version: Alenia_release(C_2), Date: Thu Dec 17 11:48:26 GMT 1992
-----------
-----------

Version: Helios1_3(C_16), Date: Mon Nov  2 12:12:49 GMT 1992
-----------
-----------

Version: C40_Field_Test_2(C_1), Date: Mon Oct 19 11:15:37 BST 1992
-----------
-----------

Version: C40_Field_Test_2(C_15), Date: Mon Oct 19 10:29:09 BST 1992
-----------
-----------

Version: C40_Field_Test_R1(C_14), Date: Wed Jul  1 18:20:19 BST 1992
-----------
-----------

Version: Helios13_beta(C_13), Date: Mon Jun 29 12:01:17 BST 1992
-----------
-----------

Version: Helios1_2_2(C_12), Date: Tue Nov 26 18:08:40 GMT 1991
-----------
-----------

Version: Helios1_2_2(C_11), Date: Fri Nov 22 17:27:53 GMT 1991
-----------
-----------

Version: Helios1_2_2(C_10), Date: Wed Oct 23 15:17:55 BST 1991
-----------
-----------

Version: Helios1_2_2Beta(C_9), Date: Mon Aug 19 11:45:33 WET DST 1991
-----------
-----------

Version: Helios1_2_1(C_8), Date: Wed Apr  3 11:54:29 GMT 1991
-----------
-----------

Version: Helsio1_2_1(C_7), Date: Wed Apr  3 11:54:03 GMT 1991
-----------
-----------

Version: Helios1_2_1(C_6), Date: Tue Apr  2 17:51:11 GMT 1991
-----------
-----------

Version: Helios1_2_1(C_5), Date: Tue Apr  2 17:06:29 GMT 1991
-----------
-----------

Version: Helios1_2_1(C_4), Date: Tue Apr  2 16:15:46 GMT 1991
-----------
-----------

Version: Helios1_2_1(C_3), Date: Tue Apr  2 16:14:12 GMT 1991
-----------
-----------

Version: Helios1_2_1(C_2), Date: Tue Apr  2 14:42:28 GMT 1991
-----------
-----------

Version: Helios1_2(C_1), Date: Tue Dec  4 13:12:45 GMT 1990
-----------
  Helios 1.2 master file
-----------

