Version: Helios_C40_1_3_Official_Release(C_15), Date: Wed May 12 15:33:43 BST 1993
-----------
-----------

Version: Alenia_release(C_14), Date: Thu Dec 17 11:52:12 GMT 1992
-----------
-----------

Version: Helios1_3(C_13), Date: Wed Nov  4 17:37:48 GMT 1992
-----------
-----------

Version: Helios1_3(C_12), Date: Mon Nov  2 11:32:03 GMT 1992
-----------
-----------

Version: C40_Field_Test_2(C_11), Date: Mon Oct 19 10:06:55 BST 1992
-----------
-----------

Version: C40_Field_Test_R1(C_10), Date: Wed Jul  1 18:05:28 BST 1992
-----------
-----------

Version: Helios13_beta(C_9), Date: Mon Jun 29 11:32:09 BST 1992
-----------
-----------

Version: Helios1_2_2_Fault(C_8), Date: Wed Jan 15 12:56:57 GMT 1992
-----------
-----------

Version: Helios1_2_2_Native(C_7), Date: Wed Jan 15 11:58:33 GMT 1992
-----------
-----------

Version: Helios1_2_2_native_beta(C_6), Date: Tue Jan 14 14:49:47 GMT 1992
-----------
-----------

Version: Helios1_2_2(C_5), Date: Fri Nov 22 17:04:37 GMT 1991
-----------
-----------

Version: Helios1_2_2(C_4), Date: Wed Oct 23 14:53:01 BST 1991
-----------
-----------

Version: Helios1_2_2Beta(C_3), Date: Mon Aug 19 11:21:21 WET DST 1991
-----------
-----------

Version: Helios1_2_1(C_2), Date: Tue Apr  2 14:15:21 GMT 1991
-----------
-----------

Version: Helios1_2(C_1), Date: Tue Dec  4 13:13:41 GMT 1990
-----------
  Helios 1.2 network commands
-----------

