Version: Helios_1_3_1(C_1), Date: Mon Nov 15 16:13:59 1993
-----------
	Helios Version 1.3.1
-----------

Version: Helios_C40_1_3_Official_Release(C_13), Date: Wed May 12 15:32:20 BST 1993
-----------
-----------

Version: Alenia_release(C_12), Date: Thu Dec 17 11:50:50 GMT 1992
-----------
-----------

Version: Helios1_3(C_11), Date: Tue Nov  3 14:47:29 GMT 1992
-----------
-----------

Version: Helios1_3(C_10), Date: Mon Nov  2 11:30:20 GMT 1992
-----------
-----------

Version: C40_Field_Test_2(C_9), Date: Mon Oct 19 10:05:30 BST 1992
-----------
-----------

Version: C40_Field_Test_R1(C_8), Date: Wed Jul  1 18:04:05 BST 1992
-----------
-----------

Version: Helios13_beta(C_7), Date: Mon Jun 29 11:30:41 BST 1992
-----------
-----------

Version: Helios1_2_2(C_6), Date: Fri Nov 22 17:03:13 GMT 1991
-----------
-----------

Version: Helios1_2_2(C_5), Date: Wed Oct 23 14:51:36 BST 1991
-----------
-----------

Version: Helios1_2_2Beta(C_4), Date: Mon Aug 19 11:19:48 WET DST 1991
-----------
-----------

Version: Helios1_2_1(C_3), Date: Tue Apr  2 14:13:58 GMT 1991
-----------
-----------

Version: Helios1_2(C_2), Date: Tue Dec  4 13:14:31 GMT 1990
-----------
  Helios 1.2 nucleus
-----------

Version: V1_2Beta0(C_1), Date: Tue Sep 18 12:48:57 BST 1990
-----------
  Version 1.2 Beta 0
-----------

