Version: Helios1_3(C_10), Date: Mon Nov  2 11:28:51 GMT 1992
-----------
-----------

Version: Helios13_beta(C_9), Date: Mon Jun 29 11:29:33 BST 1992
-----------
-----------

Version: Helios1_2_2_Fault(C_8), Date: Wed Jan 15 12:59:36 GMT 1992
-----------
-----------

Version: Helios1_2_2_Native(C_7), Date: Wed Jan 15 12:11:34 GMT 1992
-----------
-----------

Version: Helios1_2_2_native_beta(C_6), Date: Tue Jan 14 14:51:30 GMT 1992
-----------
-----------

Version: Helios1_2_2(C_5), Date: Fri Nov 22 17:02:14 GMT 1991
-----------
-----------

Version: Helios1_2_2(C_4), Date: Wed Oct 23 14:50:36 BST 1991
-----------
-----------

Version: Helios1_2_2Beta(C_3), Date: Mon Aug 19 11:18:50 WET DST 1991
-----------
-----------

Version: Helios1_2_1(C_2), Date: Tue Apr  2 14:13:10 GMT 1991
-----------
-----------

Version: Helios1_2_1(C_1), Date: Tue Apr  2 14:07:20 GMT 1991
-----------
-----------

