Version: Helios_1_3_1(C_5), Date: Mon Nov 15 16:28:33 1993
-----------
	Helios Version 1.3.1
-----------

Version: Helios_C40_1_3_Official_Release(C_6), Date: Wed May 12 16:00:47 BST 1993
-----------
-----------

Version: Helios_C40_1.3_Official_Release(C_4), Date: Wed May 12 15:25:44 BST 1993
-----------
-----------

Version: Helios-C40(C_3), Date: Wed May 12 15:18:11 BST 1993
-----------
	Helios-C40 1.3 Official Release
-----------

Version: Alenia_release(C_5), Date: Thu Dec 17 12:19:39 GMT 1992
-----------
-----------

Version: Alenia_release(C_2), Date: Thu Dec 17 11:48:08 GMT 1992
-----------
-----------

Version: Helios1_3(C_4), Date: Mon Nov  2 12:12:12 GMT 1992
-----------
-----------

Version: C40_Field_Test_2(C_1), Date: Mon Oct 19 11:15:17 BST 1992
-----------
-----------

Version: C40_Field_Test_2(C_3), Date: Mon Oct 19 10:29:04 BST 1992
-----------
-----------

Version: C40_Field_Test_R1(C_2), Date: Wed Jul  1 18:20:12 BST 1992
-----------
-----------

Version: Helios13_beta(C_1), Date: Mon Jun 29 12:00:45 BST 1992
-----------
-----------

