Version: Helios_1_3_1(C_5), Date: Mon Nov 15 16:28:38 1993
-----------
	Helios Version 1.3.1
-----------

Version: Helios_C40_1_3_Official_Release(C_6), Date: Wed May 12 16:00:55 BST 1993
-----------
-----------

Version: Helios_C40_1.3_Official_Release(C_4), Date: Wed May 12 15:25:47 BST 1993
-----------
-----------

Version: Helios-C40(C_3), Date: Wed May 12 15:18:19 BST 1993
-----------
	Helios-C40 1.3 Official Release
-----------

Version: Alenia_release(C_5), Date: Thu Dec 17 12:19:47 GMT 1992
-----------
-----------

Version: Alenia_release(C_2), Date: Thu Dec 17 11:48:11 GMT 1992
-----------
-----------

Version: Helios1_3(C_4), Date: Mon Nov  2 12:12:20 GMT 1992
-----------
-----------

Version: C40_Field_Test_2(C_1), Date: Mon Oct 19 11:15:20 BST 1992
-----------
-----------

Version: Helios13_beta(C_3), Date: Mon Jun 29 12:00:54 BST 1992
-----------
-----------

Version: Helios1_2_1(C_2), Date: Wed Apr  3 10:35:30 GMT 1991
-----------
-----------

Version: Helios1_2_1(C_1), Date: Tue Apr  2 17:32:42 GMT 1991
-----------
-----------

