Version: Helios_1_3_1(C_1), Date: Mon Nov 15 16:24:20 1993
-----------
	Helios Version 1.3.1
-----------

Version: Helios_C40_1_3_Official_Release(C_9), Date: Wed May 12 15:52:17 BST 1993
-----------
-----------

Version: Alenia_release(C_8), Date: Thu Dec 17 12:10:52 GMT 1992
-----------
-----------

Version: Helios1_3(C_7), Date: Mon Nov  2 11:56:03 GMT 1992
-----------
-----------

Version: C40_Field_Test_2(C_6), Date: Mon Oct 19 10:25:41 BST 1992
-----------
-----------

Version: Helios13_beta(C_5), Date: Mon Jun 29 11:50:53 BST 1992
-----------
-----------

Version: V1_00(C_4), Date: Sun Mar  1 18:22:38 GMT 1992
-----------
-----------

Version: V1.00(C_3), Date: Sun Mar  1 18:22:00 GMT 1992
-----------
-----------

Version: Beta_100(C_2), Date: Tue Feb 25 20:02:06 GMT 1992
-----------
-----------

Version: Alpha_100(C_1), Date: Wed Jan 22 11:38:32 GMT 1992
-----------
-----------

