Version: Helios_C40_1_3_Official_Release(C_7), Date: Wed May 12 15:45:59 BST 1993
-----------
-----------

Version: Alenia_release(C_6), Date: Thu Dec 17 12:04:28 GMT 1992
-----------
-----------

Version: Helios1_3(C_5), Date: Mon Nov  2 11:46:12 GMT 1992
-----------
-----------

Version: C40_Field_Test_2(C_4), Date: Mon Oct 19 10:19:33 BST 1992
-----------
-----------

Version: Helios13_beta(C_3), Date: Mon Jun 29 11:43:16 BST 1992
-----------
-----------

Version: Helios1_2_2(C_2), Date: Fri Nov 29 10:30:11 GMT 1991
-----------
-----------

Version: Helios1_2_2(C_1), Date: Wed Nov 27 12:26:14 GMT 1991
-----------
-----------

