Version: Helios1_3(C_7), Date: Mon Nov  2 11:50:58 GMT 1992
-----------
-----------

Version: Helios13_beta(C_6), Date: Mon Jun 29 11:46:46 BST 1992
-----------
-----------

Version: Helios1_2_2(C_5), Date: Tue Nov 26 17:57:29 GMT 1991
-----------
-----------

Version: Helios1_2_2(C_4), Date: Fri Nov 22 17:16:17 GMT 1991
-----------
-----------

Version: Helios1_2_2(C_3), Date: Wed Oct 23 15:05:01 BST 1991
-----------
-----------

Version: Helios1_2_2Beta(C_2), Date: Mon Aug 19 11:33:14 WET DST 1991
-----------
-----------

Version: Helios1_2_1(C_1), Date: Tue Apr  2 14:28:14 GMT 1991
-----------
-----------

