Version: Helios_1_3_1(C_5), Date: Mon Nov 15 16:28:24 1993
-----------
	Helios Version 1.3.1
-----------

Version: Helios_C40_1_3_Official_Release(C_11), Date: Wed May 12 16:00:19 BST 1993
-----------
-----------

Version: Helios_C40_1.3_Official_Release(C_4), Date: Wed May 12 15:25:36 BST 1993
-----------
-----------

Version: Helios-C40(C_3), Date: Wed May 12 15:16:33 BST 1993
-----------
	Helios-C40 1.3 Official Release
-----------

Version: Alenia_release(C_10), Date: Thu Dec 17 12:19:17 GMT 1992
-----------
-----------

Version: Alenia_release(C_2), Date: Thu Dec 17 11:47:55 GMT 1992
-----------
-----------

Version: Helios1_3(C_9), Date: Mon Nov  2 12:11:43 GMT 1992
-----------
-----------

Version: C40_Field_Test_2(C_1), Date: Mon Oct 19 11:15:05 BST 1992
-----------
-----------

Version: C40_Field_Test_2(C_8), Date: Mon Oct 19 10:28:40 BST 1992
-----------
-----------

Version: C40_Field_Test_R1(C_7), Date: Wed Jul  1 18:19:48 BST 1992
-----------
-----------

Version: Helios13_beta(C_6), Date: Mon Jun 29 12:00:23 BST 1992
-----------
-----------

Version: Helios1_2_2(C_5), Date: Fri Nov 22 18:06:57 GMT 1991
-----------
-----------

Version: Helios1_2_2(C_4), Date: Fri Nov 22 17:27:29 GMT 1991
-----------
-----------

Version: Helios1_2_2(C_3), Date: Wed Oct 23 15:17:28 BST 1991
-----------
-----------

Version: Helios1_2_2Beta(C_2), Date: Mon Aug 19 11:45:02 WET DST 1991
-----------
-----------

Version: Helios1_2_1(C_1), Date: Tue Apr  2 14:41:59 GMT 1991
-----------
-----------

