Version: Helios_C40_1_3_Official_Release(C_7), Date: Wed May 12 15:56:42 BST 1993
-----------
-----------

Version: Alenia_release(C_6), Date: Thu Dec 17 12:15:19 GMT 1992
-----------
-----------

Version: Helios13_beta(C_5), Date: Mon Jun 29 11:56:17 BST 1992
-----------
-----------

Version: Helios1_2_2(C_4), Date: Fri Nov 22 17:23:58 GMT 1991
-----------
-----------

Version: Helios1_2_2(C_3), Date: Wed Oct 23 15:13:27 BST 1991
-----------
-----------

Version: Helios1_2_2Beta(C_2), Date: Mon Aug 19 11:41:11 WET DST 1991
-----------
-----------

Version: Helios1_2_1(C_1), Date: Tue Apr  2 14:36:49 GMT 1991
-----------
-----------

