Version: Helios_1_3_1(C_1), Date: Mon Nov 15 16:16:23 1993
-----------
	Helios Version 1.3.1
-----------

Version: Helios_C40_1_3_Official_Release(C_6), Date: Wed May 12 15:38:15 BST 1993
-----------
-----------

Version: Alenia_release(C_5), Date: Thu Dec 17 11:56:37 GMT 1992
-----------
-----------

Version: Helios1_3(C_4), Date: Mon Nov  2 11:37:23 GMT 1992
-----------
-----------

Version: C40_Field_Test_2(C_3), Date: Mon Oct 19 10:11:23 BST 1992
-----------
-----------

Version: C40_Field_Test_R1(C_2), Date: Wed Jul  1 18:09:07 BST 1992
-----------
-----------

Version: Helios13_beta(C_1), Date: Mon Jun 29 11:36:26 BST 1992
-----------
-----------

