Version: Helios_C40_1_3_Official_Release(C_11), Date: Wed May 12 16:03:07 BST 1993
-----------
-----------

Version: Alenia_release(C_10), Date: Thu Dec 17 12:21:53 GMT 1992
-----------
-----------

Version: Alenia_release(C_2), Date: Thu Dec 17 11:49:42 GMT 1992
-----------
-----------

Version: Helios1_3(C_9), Date: Mon Nov  2 12:15:10 GMT 1992
-----------
-----------

Version: C40_Field_Test_2(C_1), Date: Mon Oct 19 11:16:32 BST 1992
-----------
-----------

Version: C40_Field_Test_2(C_8), Date: Mon Oct 19 10:31:10 BST 1992
-----------
-----------

Version: C40_Field_Test_R1(C_7), Date: Wed Jul  1 18:22:06 BST 1992
-----------
-----------

Version: Helios13_beta(C_6), Date: Mon Jun 29 12:03:00 BST 1992
-----------
-----------

Version: Helios1_2_2(C_5), Date: Fri Nov 22 17:29:42 GMT 1991
-----------
-----------

Version: Helios1_2_2(C_4), Date: Wed Oct 23 15:19:58 BST 1991
-----------
-----------

Version: Helios1_2_2Beta(C_3), Date: Mon Aug 19 11:47:32 WET DST 1991
-----------
-----------

Version: Helios1_2_1(C_2), Date: Tue Apr  2 14:44:34 GMT 1991
-----------
-----------

Version: Helios1_2(C_1), Date: Tue Dec  4 13:43:45 GMT 1990
-----------
  Helios 1.2 make includes
-----------

