Version: Helios_1_3_1(C_1), Date: Mon Nov 15 16:19:37 1993
-----------
	rcsfreeze: 1.1 alloca.c,v
	rcsfreeze: 1.3 armasm.doc,v
	rcsfreeze: 1.1 armconst.c,v
	rcsfreeze: 1.1 binhdr.c,v
	rcsfreeze: 1.1 c40asm.doc,v
	rcsfreeze: 1.1 cpu_port.doc,v
	rcsfreeze: 1.3 eval.c,v
	rcsfreeze: 1.2 float.c,v
	rcsfreeze: 1.2 gasm.doc,v
	rcsfreeze: 1.9 gasm.h,v
	rcsfreeze: 1.11 gasm.ypp,v
	rcsfreeze: 1.9 ghof.c,v
	rcsfreeze: 1.3 ghof.h,v
	rcsfreeze: 1.1 ghofenc.c,v
	rcsfreeze: 1.1 hash.c,v
	rcsfreeze: 1.5 hdr_ARM.h,v
	rcsfreeze: 1.5 hdr_C40.h,v
	rcsfreeze: 1.1 hdr_M68K.h,v
	rcsfreeze: 1.1 itoabin.c,v
	rcsfreeze: 1.18 lex.c,v
	rcsfreeze: 1.6 lex_ARM.c,v
	rcsfreeze: 1.2 lex_C40.c,v
	rcsfreeze: 1.1 lex_M68K.c,v
	rcsfreeze: 1.1 m68kasm.doc,v
	rcsfreeze: 1.6 main.c,v
	rcsfreeze: 1.8 makefile,v
	rcsfreeze: 1.5 pass2_ARM.c,v
	rcsfreeze: 1.7 pass2_C40.c,v
	rcsfreeze: 1.1 pass2_M68K.c,v
	rcsfreeze: 1.5 rules_ARM.ypp,v
	rcsfreeze: 1.8 rules_C40.ypp,v
	rcsfreeze: 1.1 rules_M68K.ypp,v
	rcsfreeze: 1.2 symbtab.c,v
	rcsfreeze: 1.2 testarm.s,1.4 toks_ARM.ypp,v
	rcsfreeze: 1.4 toks_C40.ypp,v
	rcsfreeze: 1.1 toks_M68K.ypp,v
	rcsfreeze: 1.1 warn.h,v
	rcsfreeze: 1.1 whichend.c,v
	rcsfreeze demos @ Helios_1_3_1
	/pds/bin/rcsfreeze: .rcsfreeze.log: cannot create
	rcsfreeze demos/hello @ Helios_1_3_1
	/pds/bin/rcsfreeze: .rcsfreeze.log: cannot create
	rcsfreeze demos/tut @ Helios_1_3_1
	/pds/bin/rcsfreeze: .rcsfreeze.log: cannot create
	rcsfreeze demos/factor @ Helios_1_3_1
	/pds/bin/rcsfreeze: .rcsfreeze.log: cannot create
	rcsfreeze demos/lb @ Helios_1_3_1
	/pds/bin/rcsfreeze: .rcsfreeze.log: cannot create
	rcsfreeze demos/pi @ Helios_1_3_1
	/pds/bin/rcsfreeze: .rcsfreeze.log: cannot create
	rcsfreeze demos/pi/pi_farm @ Helios_1_3_1
	/pds/bin/rcsfreeze: .rcsfreeze.log: cannot create
	rcsfreeze demos/pi/pi_fast @ Helios_1_3_1
	/pds/bin/rcsfreeze: .rcsfree
	rcsfreeze: 1.1 c40asm.doc,v
	rcsfreeze: 1.1 cpu_port.doc,v
	rcsfreeze: 1.3 eval.c,v
	rcsfreeze: 1.2 float.c,v
	rcsfreeze: 1.2 gasm.doc,v
	rcsfreeze: 1.9 gasm.h,v
	rcsfreeze: 1.11 hgasm.ypp,v
	rcsfreeze: 1.9 ghof.c,v
	rcsfreeze: 1.3 ghof.h,v
	rcsfreeze: 1.1 ghofenc.c,v
	rcsfreeze: 1.1 hash.c,v
	rcsfreeze: 1.5 hdr_ARM.h,v
	rcsfreeze: 1.5 hdr_C40.h,v
	rcsfreeze: 1.1 hdr_M68K.h,v
	rcsfreeze: 1.1 itoabin.c,v
	rcsfreeze: 1.18 lex.c,v
	rcsfreeze: 1.6 lex_ARM.c,v
	rcsfreeze: 1.2 lex_C40.c,v
	rcsfreeze: 1.1 lex_M68K.c,v
	rcsfreeze: 1.1 m68kasm.doc,v
	rcsfreeze: 1.6 main.c,v
	rcsfreeze: 1.8 makefile,v
	rcsfreeze: 1.5 pass2_ARM.c,v
	rcsfreeze: 1.7 pass2_C40.c,v
	rcsfreeze: 1.1 pass2_M68K.c,v
	rcsfreeze: 1.5 rules_ARM.ypp,v
	rcsfreeze: 1.8 rules_C40.ypp,v
	rcsfreeze: 1.1 rules_M68K.ypp,v
	rcsfreeze: 1.2 symbtab.c,v
	rcsfreeze: 1.2 te/pds/bin/rcsfreeze: .rcsfreeze.log: cannot create
	rcsfreeze demos/tut @ Helios_1_3_1
	/pds/bin/rcsfreeze: .rcsfreeze.log: cannot create
	rcsfreeze demos/factor @ Helios_1_3_1
	/pds/bin/rcsfreeze: .rcsfreeze.log: cannot create
	rcsfreeze demos/lb @ Helios_1_RCSFREEZE DEMOS?SERVERS @ Helios_1_3_1
	/pds/bin/rcsfreeze: .rcsfreeze.log: cannot create
	rcsfreeze demos/servers/keyboard @ Helios_1_3_1
	/pds/bin/rcsfreeze: .rcsfreeze.log: cannot create
	rcsfreeze demos/rmlib @ Helios_1_3_1
	/pds/bin/rcsfreeze: .rcsfreeze.
	
	/pds/bin/rcsfreeze: .rcsfreeze.log: cannot create
	/pds/bin/rcsfreeze: .rcsfreeze.log: cannot create
-----------

Version: Helios_C40_1_3_Official_Release(C_10), Date: Wed May 12 15:46:20 BST 1993
-----------
-----------

Version: Alenia_release(C_9), Date: Thu Dec 17 12:04:49 GMT 1992
-----------
-----------

Version: Helios1_3(C_8), Date: Mon Nov  2 11:46:59 GMT 1992
-----------
-----------

Version: C40_Field_Test_2(C_7), Date: Mon Oct 19 10:19:56 BST 1992
-----------
-----------

Version: C40_Field_Test_R1(C_6), Date: Wed Jul  1 18:14:04 BST 1992
-----------
-----------

Version: Helios13_beta(C_5), Date: Mon Jun 29 11:43:35 BST 1992
-----------
-----------

Version: Helios1_2_2(C_4), Date: Fri Nov 22 17:13:16 GMT 1991
-----------
-----------

Version: Helios1_2_2(C_3), Date: Wed Oct 23 15:01:31 BST 1991
-----------
-----------

Version: Helios1_2_2Beta(C_2), Date: Mon Aug 19 11:30:03 WET DST 1991
-----------
-----------

Version: Helios1_2_1(C_1), Date: Tue Apr  2 14:24:52 GMT 1991
-----------
-----------

