Version: Helios1_3(C_9), Date: Mon Nov  2 11:59:01 GMT 1992
-----------
-----------

Version: Helios13_beta(C_8), Date: Mon Jun 29 11:53:17 BST 1992
-----------
-----------

Version: Helios1_2_2_Fault(C_7), Date: Wed Jan 15 13:00:13 GMT 1992
-----------
-----------

Version: Helios1_2_2_Native(C_6), Date: Wed Jan 15 12:11:58 GMT 1992
-----------
-----------

Version: Helios1_2_2_native_beta(C_5), Date: Tue Jan 14 14:51:22 GMT 1992
-----------
-----------

Version: Helios1_2_2(C_4), Date: Fri Nov 22 17:21:28 GMT 1991
-----------
-----------

Version: Helios1_2_2(C_3), Date: Wed Oct 23 15:10:46 BST 1991
-----------
-----------

Version: Helios1_2_2Beta(C_2), Date: Mon Aug 19 11:38:41 WET DST 1991
-----------
-----------

Version: Helios1_2_1(C_1), Date: Tue Apr  2 14:34:07 GMT 1991
-----------
-----------

