TMS320C3x/4x COFF Assembler    Version 4.40     Sat Sep 12 16:59:47 1992
 Copyright (c) 1987-1991  Texas Instruments Incorporated 

                                                                     PAGE    1

        1                   ******************************************************
        2                   *    TMS320C40 C COMPILER     Version 4.30
        3                   ******************************************************
        4                   ;       ac30 -v40 -q manddsp.c D:manddsp.if 
        5                   ;       opt30 NOT RUN
        6                   ;       cg30 -v40 -q D:manddsp.if manddsp.asm D:manddsp.tmp 
        7                           .version        40
        8          0000000b FP      .set            AR3
        9                   
       10 00000000                  .sect   ".cinit"
       11 00000000 00000001         .word   1,_start_flag
          00000001 00000000-
       12 00000002 00000000         .word   0
       13                           .globl  _start_flag
       14 00000000                  .bss    _start_flag,1
       15                   
       16 00000003 00000001         .word   1,_line_done
          00000004 00000001-
       17 00000005 00000000         .word   0
       18                           .globl  _line_done
       19 00000001                  .bss    _line_done,1
       20                           .globl  _width
       21                           .globl  _height
       22                           .globl  _maxit
       23                           .globl  _intpri
       24                           .globl  _intvec
       25                   
       26 00000006 00000001         .word   1,_x_start
          00000007 00000002-
       27 00000008 01490fdb         .float  3.14159265359
       28                           .globl  _x_start
       29 00000002                  .bss    _x_start,1
       30                   
       31 00000009 00000001         .word   1,_x_step
          0000000a 00000003-
       32 0000000b 01b6f025         .float  -3.14159265359
       33                           .globl  _x_step
       34 00000003                  .bss    _x_step,1
       35                           .globl  _y_start
       36                           .globl  _y_step
       37                           .globl  _max_val
       38                           .globl  _y_coord
       39                           .globl  _buf1
       40                           .globl  _buf2
       41                           .globl  _ycoord1
       42                           .globl  _ycoord2
       43                   
       44 0000000c 00000001         .word   1,_VIC_virsr
          0000000d 00000004-
       45 0000000e bfff0020         .word   -1073807328
       46                           .globl  _VIC_virsr
       47 00000004                  .bss    _VIC_virsr,1
       48 00000000                  .text
       49                           .globl  _main
       50                   ******************************************************
TMS320C3x/4x COFF Assembler    Version 4.40     Sat Sep 12 16:59:47 1992
 Copyright (c) 1987-1991  Texas Instruments Incorporated 

                                                                     PAGE    2

       51                   * FUNCTION DEF : _main
       52                   ******************************************************
       53 00000000          _main:
       54 00000000 0f2b0000         PUSH    FP
       55 00000001 080b0014         LDI     SP,FP
       56 00000002 02740001         ADDI    1,SP
       57 00000003 62fffffc!        CALL    _GIEOn
       58 00000004          L3:
       59 00000004 08200000-        LDI     @_start_flag,R0
       60 00000005 6a05fffe         BZ      L3
       61 00000006 08200970-        LDI     @CONST+0,R0
       62 00000007 0f200000         PUSH    R0
       63 00000008 08610000         LDI     0,R1
       64 00000009 0f210000         PUSH    R1
       65 0000000a 62000051         CALL    _process_line
       66 0000000b 18740002         SUBI    2,SP
       67 0000000c 08200007-        LDI     @_y_coord,R0
       68 0000000d 18600001         SUBI    1,R0
       69 0000000e 15200007-        STI     R0,@_y_coord
       70 0000000f 02600001         ADDI    1,R0
       71 00000010 15200009-        STI     R0,@_ycoord1
       72 00000011 15010001-        STIK    1,@_line_done
       73 00000012 1ea80004-        LDA     @_VIC_virsr,AR0
       74 00000013 1eb10006-        LDA     @_intpri,IR0
       75 00000014 0821000c-        LDI     @_intvec,R1
       76 00000015 15414000         STI     R1,*+AR0(IR0)
       77 00000016 08610001         LDI     1,R1
       78 00000017 09a10006-        LSH     @_intpri,R1
       79 00000018 02610001         ADDI    1,R1
       80 00000019 1541c000         STI     R1,*AR0
       81 0000001a 0821000b-        LDI     @_height,R1
       82 0000001b 18610001         SUBI    1,R1
       83 0000001c 1521000b-        STI     R1,@_height
       84 0000001d 15600301         STIK    0,*+FP(1)
       85 0000001e 0821000b-        LDI     @_height,R1
       86 0000001f 6a05003a         BZ      L5
       87 00000020          L4:
       88 00000020 08200971-        LDI     @CONST+1,R0
       89 00000021 0f200000         PUSH    R0
       90 00000022 31410b01         ADDI    1,*+FP(1),R1
       91 00000023 15410301         STI     R1,*+FP(1)
       92 00000024 18610001         SUBI    1,R1
       93 00000025 0f210000         PUSH    R1
       94 00000026 62000035         CALL    _process_line
       95 00000027 18740002         SUBI    2,SP
       96 00000028 08200007-        LDI     @_y_coord,R0
       97 00000029 18600001         SUBI    1,R0
       98 0000002a 15200007-        STI     R0,@_y_coord
       99 0000002b 02600001         ADDI    1,R0
      100 0000002c 1520000a-        STI     R0,@_ycoord2
      101 0000002d          L6:
      102 0000002d 08200001-        LDI     @_line_done,R0
      103 0000002e 6a06fffe         BNZ     L6
      104 0000002f 15020001-        STIK    2,@_line_done
      105 00000030 1ea80004-        LDA     @_VIC_virsr,AR0
TMS320C3x/4x COFF Assembler    Version 4.40     Sat Sep 12 16:59:47 1992
 Copyright (c) 1987-1991  Texas Instruments Incorporated 

                                                                     PAGE    3

      106 00000031 1eb20006-        LDA     @_intpri,IR1
      107 00000032 0820000c-        LDI     @_intvec,R0
      108 00000033 15408000         STI     R0,*+AR0(IR1)
      109 00000034 08600001         LDI     1,R0
      110 00000035 09a00006-        LSH     @_intpri,R0
      111 00000036 02600001         ADDI    1,R0
      112 00000037 1540c000         STI     R0,*AR0
      113 00000038 0820000b-        LDI     @_height,R0
      114 00000039 18600001         SUBI    1,R0
      115 0000003a 1520000b-        STI     R0,@_height
      116 0000003b 0820000b-        LDI     @_height,R0
      117 0000003c 6a05001d         BZ      L5
      118 0000003d 08200970-        LDI     @CONST+0,R0
      119 0000003e 0f200000         PUSH    R0
      120 0000003f 31410b01         ADDI    1,*+FP(1),R1
      121 00000040 15410301         STI     R1,*+FP(1)
      122 00000041 18610001         SUBI    1,R1
      123 00000042 0f210000         PUSH    R1
      124 00000043 62000018         CALL    _process_line
      125 00000044 18740002         SUBI    2,SP
      126 00000045 08200007-        LDI     @_y_coord,R0
      127 00000046 18600001         SUBI    1,R0
      128 00000047 15200007-        STI     R0,@_y_coord
      129 00000048 02600001         ADDI    1,R0
      130 00000049 15200009-        STI     R0,@_ycoord1
      131 0000004a          L8:
      132 0000004a 08200001-        LDI     @_line_done,R0
      133 0000004b 6a06fffe         BNZ     L8
      134 0000004c 15010001-        STIK    1,@_line_done
      135 0000004d 1ea80004-        LDA     @_VIC_virsr,AR0
      136 0000004e 1eb10006-        LDA     @_intpri,IR0
      137 0000004f 0820000c-        LDI     @_intvec,R0
      138 00000050 15404000         STI     R0,*+AR0(IR0)
      139 00000051 08600001         LDI     1,R0
      140 00000052 09a00006-        LSH     @_intpri,R0
      141 00000053 02600001         ADDI    1,R0
      142 00000054 1540c000         STI     R0,*AR0
      143 00000055 0820000b-        LDI     @_height,R0
      144 00000056 18600001         SUBI    1,R0
      145 00000057 1520000b-        STI     R0,@_height
      146 00000058 0820000b-        LDI     @_height,R0
      147 00000059 6a06ffc6         BNZ     L4
      148 0000005a          L5:
      149 0000005a 15000000-        STIK    0,@_start_flag
      150 0000005b 6a00ffa8         B       L3
      151                           .globl  _process_line
      152                   ******************************************************
      153                   * FUNCTION DEF : _process_line
      154                   ******************************************************
      155 0000005c          _process_line:
      156 0000005c 0f2b0000         PUSH    FP
      157 0000005d 080b0014         LDI     SP,FP
      158 0000005e 02740009         ADDI    9,SP
      159 0000005f 07200005-        LDF     @_y_start,R0
      160 00000060 14400304         STF     R0,*+FP(4)
TMS320C3x/4x COFF Assembler    Version 4.40     Sat Sep 12 16:59:47 1992
 Copyright (c) 1987-1991  Texas Instruments Incorporated 

                                                                     PAGE    4

      161 00000061 15600301         STIK    0,*+FP(1)
      162 00000062 0821000d-        LDI     @_width,R1
      163 00000063 23a00301         CMPI    R1,*+FP(1)
      164 00000064 6a040029         BHS     L10
      165 00000065          L9:
      166 00000065 05c00301         FLOAT   *+FP(1),R0
      167 00000066 0a200003-        MPYF    @_x_step,R0
      168 00000067 01a00002-        ADDF    @_x_start,R0
      169 00000068 14400303         STF     R0,*+FP(3)
      170 00000069 14400305         STF     R0,*+FP(5)
      171 0000006a 07410304         LDF     *+FP(4),R1
      172 0000006b 14410306         STF     R1,*+FP(6)
      173 0000006c 0822096f-        LDI     @_maxit,R2
      174 0000006d 15420302         STI     R2,*+FP(2)
      175 0000006e 6a080013         BLE     L12
      176 0000006f          L11:
      177 0000006f 34e02b2b         MPYF    *+FP(5),*+FP(5),R0
      178 00000070 14400307         STF     R0,*+FP(7)
      179 00000071 34e13333         MPYF    *+FP(6),*+FP(6),R1
      180 00000072 14410308         STF     R1,*+FP(8)
      181 00000073 20820001         ADDF    R1,R0,R2
      182 00000074 14420309         STF     R2,*+FP(9)
      183 00000075 04622000         CMPF    4.0,R2
      184 00000076 6a09000b         BGT     L12
      185 00000077 07631000         LDF     2.0,R3
      186 00000078 34bd032b         MPYF    R3,*+FP(5),R9
      187 00000079 0a5d0306         MPYF    *+FP(6),R9
      188 0000007a 01dd0304         ADDF    *+FP(4),R9
      189 0000007b 145d0306         STF     R9,*+FP(6)
      190 0000007c 269e0001         SUBF    R1,R0,R10
      191 0000007d 01de0303         ADDF    *+FP(3),R10
      192 0000007e 145e0305         STF     R10,*+FP(5)
      193 0000007f 375f1301         SUBI    1,*+FP(2),R11
      194 00000080 155f0302         STI     R11,*+FP(2)
      195 00000081 6a09ffed         BGT     L11
      196 00000082          L12:
      197 00000082 0860007d         LDI     125,R0
      198 00000083 0ac00302         MPYI    *+FP(2),R0
      199 00000084 0821096f-        LDI     @_maxit,R1
      200 00000085 62ffff7a!        CALL    DIV_U
      201 00000086 1ec80b03         LDA     *-FP(3),AR0
      202 00000087 02600001         ADDI    1,R0
      203 00000088 15402001         STI     R0,*AR0++
      204 00000089 15480b03         STI     AR0,*-FP(3)
      205 0000008a 31400b01         ADDI    1,*+FP(1),R0
      206 0000008b 15400301         STI     R0,*+FP(1)
      207 0000008c 04a0000d-        CMPI    @_width,R0
      208 0000008d 6a01ffd7         BLO     L9
      209 0000008e          L10:
      210 0000008e 07200005-        LDF     @_y_start,R0
      211 0000008f 01a00008-        ADDF    @_y_step,R0
      212 00000090 14200005-        STF     R0,@_y_start
      213 00000091          EPI0_2:
      214 00000091 08410b01         LDI     *-FP(1),R1
      215 00000092 68200001         BD      R1
TMS320C3x/4x COFF Assembler    Version 4.40     Sat Sep 12 16:59:47 1992
 Copyright (c) 1987-1991  Texas Instruments Incorporated 

                                                                     PAGE    5

      216 00000093 084bc300         LDI     *FP,FP
      217 00000094 0c800000         NOP
      218 00000095 1874000b         SUBI    11,SP
      219                   ***     B       R1      ;BRANCH OCCURS
      220                           .globl  _y_start
      221 00000005                  .bss    _y_start,1
      222                           .globl  _intpri
      223 00000006                  .bss    _intpri,1
      224                           .globl  _y_coord
      225 00000007                  .bss    _y_coord,1
      226                           .globl  _y_step
      227 00000008                  .bss    _y_step,1
      228                           .globl  _ycoord1
      229 00000009                  .bss    _ycoord1,1
      230                           .globl  _ycoord2
      231 0000000a                  .bss    _ycoord2,1
      232                           .globl  _height
      233 0000000b                  .bss    _height,1
      234                           .globl  _intvec
      235 0000000c                  .bss    _intvec,1
      236                           .globl  _width
      237 0000000d                  .bss    _width,1
      238                           .globl  _max_val
      239 0000000e                  .bss    _max_val,1
      240                           .globl  _buf1
      241 0000000f                  .bss    _buf1,1200
      242                           .globl  _buf2
      243 000004bf                  .bss    _buf2,1200
      244                           .globl  _maxit
      245 0000096f                  .bss    _maxit,1
      246                   ******************************************************
      247                   * DEFINE CONSTANTS                                   *
      248                   ******************************************************
      249 00000970                  .bss    CONST,2
      250 0000000f                  .sect   ".cinit"
      251 0000000f 00000002         .word   2,CONST
          00000010 00000970-
      252 00000011 0000000f-        .word   _buf1            ;0
      253 00000012 000004bf-        .word   _buf2            ;1
      254                   ******************************************************
      255                   * UNDEFINED REFERENCES                               *
      256                   ******************************************************
      257                           .globl  _GIEOn
      258                           .globl  DIV_U
      259                           .end

 No Errors,  No Warnings
