Version: Helios1_3(C_7), Date: Mon Nov  2 11:58:09 GMT 1992
-----------
-----------

Version: Helios13_beta(C_6), Date: Mon Jun 29 11:52:37 BST 1992
-----------
-----------

Version: Helios1_2_2(C_5), Date: Fri Nov 22 17:20:46 GMT 1991
-----------
-----------

Version: Helios1_2_2(C_4), Date: Wed Oct 23 15:09:59 BST 1991
-----------
-----------

Version: Helios1_2_2Beta(C_3), Date: Mon Aug 19 11:37:59 WET DST 1991
-----------
-----------

Version: Helios1_2_1(C_2), Date: Tue Apr  2 14:33:20 GMT 1991
-----------
-----------

Version: Helios1_2(C_1), Date: Tue Dec  4 13:18:30 GMT 1990
-----------
  Helios 1.2 standalone
-----------

