Version: Helios_1_3_1(C_1), Date: Mon Nov 15 16:17:28 1993
-----------
	Helios Version 1.3.1
-----------

Version: Helios_C40_1_3_Official_Release(C_12), Date: Wed May 12 15:40:18 BST 1993
-----------
-----------

Version: Alenia_release(C_11), Date: Thu Dec 17 11:58:44 GMT 1992
-----------
-----------

Version: Helios1_3(C_10), Date: Mon Nov  2 11:40:08 GMT 1992
-----------
-----------

Version: C40_Field_Test_2(C_9), Date: Mon Oct 19 10:13:45 BST 1992
-----------
-----------

Version: C40_Field_Test_R1(C_8), Date: Wed Jul  1 18:11:08 BST 1992
-----------
-----------

Version: Helios13_beta(C_7), Date: Mon Jun 29 11:38:32 BST 1992
-----------
-----------

Version: Helios1_2_2(C_6), Date: Fri Nov 22 17:10:08 GMT 1991
-----------
-----------

Version: Helios1_2_2(C_5), Date: Wed Oct 23 14:58:17 BST 1991
-----------
-----------

Version: Helios1_2_2Beta(C_4), Date: Mon Aug 19 11:26:46 WET DST 1991
-----------
-----------

Version: Helios1_2_1(C_3), Date: Tue Apr  2 17:46:02 GMT 1991
-----------
-----------

Version: Helios1_2_1(C_2), Date: Tue Apr  2 17:45:20 GMT 1991
-----------
-----------

Version: Helios1_2_1(C_1), Date: Tue Apr  2 14:21:00 GMT 1991
-----------
-----------

