Version: Helios_1_3_1(C_5), Date: Mon Nov 15 16:28:34 1993
-----------
	Helios Version 1.3.1
-----------

Version: Helios_C40_1_3_Official_Release(C_2), Date: Wed May 12 16:00:50 BST 1993
-----------
-----------

Version: Helios_C40_1.3_Official_Release(C_4), Date: Wed May 12 15:25:46 BST 1993
-----------
-----------

Version: Helios-C40(C_3), Date: Wed May 12 15:18:15 BST 1993
-----------
	Helios-C40 1.3 Official Release
-----------

Version: Alenia_release(C_1), Date: Thu Dec 17 12:19:43 GMT 1992
-----------
-----------

Version: Alenia_release(C_2), Date: Thu Dec 17 11:48:10 GMT 1992
-----------
-----------

Version: C40_Field_Test_2(C_1), Date: Mon Oct 19 11:15:19 BST 1992
-----------
-----------

