Version: Helios_C40_1_3_Official_Release(C_10), Date: Wed May 12 16:03:30 BST 1993
-----------
-----------

Version: Alenia_release(C_9), Date: Thu Dec 17 12:22:11 GMT 1992
-----------
-----------

Version: Alenia_release(C_2), Date: Thu Dec 17 11:49:57 GMT 1992
-----------
-----------

Version: Helios1_3(C_8), Date: Mon Nov  2 12:15:35 GMT 1992
-----------
-----------

Version: C40_Field_Test_2(C_1), Date: Mon Oct 19 11:16:42 BST 1992
-----------
-----------

Version: C40_Field_Test_2(C_7), Date: Mon Oct 19 10:31:35 BST 1992
-----------
-----------

Version: C40_Field_Test_R1(C_6), Date: Wed Jul  1 18:22:26 BST 1992
-----------
-----------

Version: Helios13_beta(C_5), Date: Mon Jun 29 12:03:19 BST 1992
-----------
-----------

Version: Helios1_2_2(C_4), Date: Fri Nov 22 17:30:01 GMT 1991
-----------
-----------

Version: Helios1_2_2(C_3), Date: Wed Oct 23 15:20:21 BST 1991
-----------
-----------

Version: Helios1_2_2Beta(C_2), Date: Mon Aug 19 11:47:51 WET DST 1991
-----------
-----------

Version: Helios1_2_1(C_1), Date: Tue Apr  2 14:44:52 GMT 1991
-----------
-----------

