Version: Helios_C40_1_3_Official_Release(C_9), Date: Wed May 12 15:45:02 BST 1993
-----------
-----------

Version: Alenia_release(C_8), Date: Thu Dec 17 12:03:24 GMT 1992
-----------
-----------

Version: Helios1_3(C_7), Date: Mon Nov  2 11:44:58 GMT 1992
-----------
-----------

Version: C40_Field_Test_2(C_6), Date: Mon Oct 19 10:18:28 BST 1992
-----------
-----------

Version: Helios13_beta(C_5), Date: Mon Jun 29 11:41:53 BST 1992
-----------
-----------

Version: Helios1_2_2(C_4), Date: Fri Nov 22 17:12:10 GMT 1991
-----------
-----------

Version: Helios1_2_2(C_3), Date: Wed Oct 23 15:00:19 BST 1991
-----------
-----------

Version: Helios1_2_2Beta(C_2), Date: Mon Aug 19 11:28:53 WET DST 1991
-----------
-----------

Version: Helios1_2_1(C_1), Date: Tue Apr  2 14:23:37 GMT 1991
-----------
-----------

